<?xml version="1.0" encoding="UTF-8"?>
<!-- Generated by org.testng.reporters.JUnitReportReporter -->
<testsuite hostname="ABPDigitalNoida-13724" name="abp.getebelavideobytimestamp" tests="1" failures="0" timestamp="1 Apr 2019 09:45:05 GMT" time="4.082" errors="0">
  <testcase name="get_ebela_video_by_time_stamp" time="4.082" classname="abp.getebelavideobytimestamp"/>
</testsuite> <!-- abp.getebelavideobytimestamp -->
