<?xml version="1.0" encoding="UTF-8"?>
<!-- Generated by org.testng.reporters.JUnitReportReporter -->
<testsuite hostname="ABPDigitalNoida-13724" name="abp.gethorroscopearticlebydepartmentid" tests="1" failures="0" timestamp="1 Apr 2019 09:45:05 GMT" time="1.558" errors="0">
  <testcase name="get_horroscope_article_by_departmentid" time="1.558" classname="abp.gethorroscopearticlebydepartmentid"/>
</testsuite> <!-- abp.gethorroscopearticlebydepartmentid -->
