<?xml version="1.0" encoding="UTF-8"?>
<!-- Generated by org.testng.reporters.JUnitReportReporter -->
<testsuite hostname="ABPDigitalNoida-13724" name="abp.gettopicsbytag_Ebela" tests="1" failures="0" timestamp="1 Apr 2019 09:45:05 GMT" time="1.161" errors="0">
  <testcase name="get_topics_by_tag_Ebela" time="1.161" classname="abp.gettopicsbytag_Ebela"/>
</testsuite> <!-- abp.gettopicsbytag_Ebela -->
