<?xml version="1.0" encoding="UTF-8"?>
<!-- Generated by org.testng.reporters.JUnitReportReporter -->
<testsuite hostname="ABPDigitalNoida-13724" name="abp.getarticlebyPqId" tests="1" failures="0" timestamp="1 Apr 2019 09:45:05 GMT" time="1.039" errors="0">
  <testcase name="get_article_by_Pq_Id" time="1.039" classname="abp.getarticlebyPqId"/>
</testsuite> <!-- abp.getarticlebyPqId -->
