<?xml version="1.0" encoding="UTF-8"?>
<!-- Generated by org.testng.reporters.JUnitReportReporter -->
<testsuite hostname="ABPDigitalNoida-13724" name="abp.getebelabloggerarticle" tests="1" failures="0" timestamp="1 Apr 2019 09:45:05 GMT" time="1.518" errors="0">
  <testcase name="get_ebela_blogger_article" time="1.518" classname="abp.getebelabloggerarticle"/>
</testsuite> <!-- abp.getebelabloggerarticle -->
