<?xml version="1.0" encoding="UTF-8"?>
<!-- Generated by org.testng.reporters.JUnitReportReporter -->
<testsuite hostname="ABPDigitalNoida-13724" name="abp.getebelaphotobyid" tests="1" failures="0" timestamp="1 Apr 2019 09:45:05 GMT" time="1.930" errors="0">
  <testcase name="get_ebela_photo_by_id" time="1.930" classname="abp.getebelaphotobyid"/>
</testsuite> <!-- abp.getebelaphotobyid -->
