<?xml version="1.0" encoding="UTF-8"?>
<!-- Generated by org.testng.reporters.JUnitReportReporter -->
<testsuite hostname="ABPDigitalNoida-13724" name="abp.getabpreletedarticle" tests="1" failures="0" timestamp="1 Apr 2019 09:45:05 GMT" time="0.942" errors="0">
  <testcase name="get_abp_releted_article" time="0.942" classname="abp.getabpreletedarticle"/>
</testsuite> <!-- abp.getabpreletedarticle -->
