<?xml version="1.0" encoding="UTF-8"?>
<!-- Generated by org.testng.reporters.JUnitReportReporter -->
<testsuite hostname="ABPDigitalNoida-13724" name="abp.getebelaphotosbytimestamp" tests="1" failures="0" timestamp="1 Apr 2019 09:45:05 GMT" time="1.164" errors="0">
  <testcase name="get_ebela_photos_by_timestamp" time="1.164" classname="abp.getebelaphotosbytimestamp"/>
</testsuite> <!-- abp.getebelaphotosbytimestamp -->
