<?xml version="1.0" encoding="UTF-8"?>
<!-- Generated by org.testng.reporters.JUnitReportReporter -->
<testsuite hostname="ABPDigitalNoida-13724" name="abp.gethorroscopearticlebydepartmentidbyarticleid" tests="1" failures="0" timestamp="1 Apr 2019 09:45:05 GMT" time="1.290" errors="0">
  <testcase name="get_horroscope_article_by_departmentid_by_articleid" time="1.290" classname="abp.gethorroscopearticlebydepartmentidbyarticleid"/>
</testsuite> <!-- abp.gethorroscopearticlebydepartmentidbyarticleid -->
