<?xml version="1.0" encoding="UTF-8"?>
<!-- Generated by org.testng.reporters.JUnitReportReporter -->
<testsuite hostname="ABPDigitalNoida-13724" name="abp.gettopicsbytag_ABP" tests="1" failures="0" timestamp="1 Apr 2019 09:45:05 GMT" time="3.448" errors="0">
  <testcase name="get_topics_by_tag_ABP" time="3.448" classname="abp.gettopicsbytag_ABP"/>
</testsuite> <!-- abp.gettopicsbytag_ABP -->
