<?xml version="1.0" encoding="UTF-8"?>
<!-- Generated by org.testng.reporters.JUnitReportReporter -->
<testsuite hostname="ABPDigitalNoida-13724" name="abp.getabparticlebyid" tests="1" failures="0" timestamp="1 Apr 2019 09:45:05 GMT" time="0.778" errors="0">
  <testcase name="get_abp_article_by_id" time="0.778" classname="abp.getabparticlebyid"/>
</testsuite> <!-- abp.getabparticlebyid -->
