<?xml version="1.0" encoding="UTF-8"?>
<!-- Generated by org.testng.reporters.JUnitReportReporter -->
<testsuite hostname="ABPDigitalNoida-13724" name="abp.getRelatedArticlesByTagsWithFallBackWithDeptID" tests="1" failures="0" timestamp="1 Apr 2019 09:45:05 GMT" time="0.854" errors="0">
  <testcase name="get_Related_Articles_By_Tags_With_FallBack_With_DeptID" time="0.854" classname="abp.getRelatedArticlesByTagsWithFallBackWithDeptID"/>
</testsuite> <!-- abp.getRelatedArticlesByTagsWithFallBackWithDeptID -->
