<?xml version="1.0" encoding="UTF-8"?>
<!-- Generated by org.testng.reporters.JUnitReportReporter -->
<testsuite hostname="ABPDigitalNoida-13724" name="abp.ebelaVentunoVideoArticleAPI" tests="1" failures="0" timestamp="1 Apr 2019 09:45:05 GMT" time="4.748" errors="0">
  <testcase name="ebela_Ventuno_Video_Article_API" time="4.748" classname="abp.ebelaVentunoVideoArticleAPI"/>
</testsuite> <!-- abp.ebelaVentunoVideoArticleAPI -->
