<?xml version="1.0" encoding="UTF-8"?>
<!-- Generated by org.testng.reporters.JUnitReportReporter -->
<testsuite hostname="ABPDigitalNoida-13724" name="abp.getphotogalleryarticlefrompqid" tests="1" failures="0" timestamp="1 Apr 2019 09:45:05 GMT" time="1.291" errors="0">
  <testcase name="get_photogallery_article_from_pq_id" time="1.291" classname="abp.getphotogalleryarticlefrompqid"/>
</testsuite> <!-- abp.getphotogalleryarticlefrompqid -->
