<?xml version="1.0" encoding="UTF-8"?>
<!-- Generated by org.testng.reporters.JUnitReportReporter -->
<testsuite hostname="ABPDigitalNoida-13724" name="abp.getebelaimagearticle" tests="1" failures="0" timestamp="1 Apr 2019 09:45:05 GMT" time="6.348" errors="0">
  <testcase name="get_ebela_image_article" time="6.348" classname="abp.getebelaimagearticle"/>
</testsuite> <!-- abp.getebelaimagearticle -->
