<?xml version="1.0" encoding="UTF-8"?>
<!-- Generated by org.testng.reporters.JUnitReportReporter -->
<testsuite hostname="ABPDigitalNoida-13724" name="abp.getmorefromweb" tests="1" failures="0" timestamp="1 Apr 2019 09:45:05 GMT" time="0.785" errors="0">
  <testcase name="get_more_from_web" time="0.785" classname="abp.getmorefromweb"/>
</testsuite> <!-- abp.getmorefromweb -->
