<?xml version="1.0" encoding="UTF-8"?>
<!-- Generated by org.testng.reporters.JUnitReportReporter -->
<testsuite hostname="ABPDigitalNoida-13724" name="abp.getsitemapfeed" tests="1" failures="0" timestamp="1 Apr 2019 09:45:05 GMT" time="2.748" errors="0">
  <testcase name="get_sitemap_feed" time="2.748" classname="abp.getsitemapfeed"/>
</testsuite> <!-- abp.getsitemapfeed -->
