<?xml version="1.0" encoding="UTF-8"?>
<!-- Generated by org.testng.reporters.JUnitReportReporter -->
<testsuite hostname="ABPDigitalNoida-13724" name="abp.abp_news_sitemap" tests="1" failures="0" timestamp="9 Aug 2018 10:12:09 GMT" time="2.891" errors="0">
  <testcase name="ebela_news_sitemap" time="2.891" classname="abp.abp_news_sitemap"/>
</testsuite> <!-- abp.abp_news_sitemap -->
