<?xml version="1.0" encoding="UTF-8"?>
<!-- Generated by org.testng.reporters.JUnitReportReporter -->
<testsuite hostname="ABPDigitalNoida-13724" name="test_sitemap.ebela_Sitemap" tests="1" failures="0" timestamp="16 Jul 2018 07:37:14 GMT" time="33.037" errors="0">
  <testcase name="EbelaNews_SiteMap" time="33.037" classname="test_sitemap.ebela_Sitemap"/>
</testsuite> <!-- test_sitemap.ebela_Sitemap -->
