<?xml version="1.0" encoding="UTF-8"?>
<!-- Generated by org.testng.reporters.JUnitReportReporter -->
<testsuite hostname="ABPDigitalNoida-13724" name="test_sitemap.t2online_topic_sitemap" tests="7" failures="0" timestamp="1 Jan 2018 13:51:42 GMT" time="822.966" errors="0">
  <testcase name="t2index_SiteMap" time="36.706" classname="test_sitemap.t2online_topic_sitemap"/>
  <testcase name="t2rss_FullFeed" time="182.706" classname="test_sitemap.t2online_topic_sitemap"/>
  <testcase name="t2_topicsitemap" time="432.463" classname="test_sitemap.t2online_topic_sitemap"/>
  <testcase name="t2online_SiteMap" time="49.759" classname="test_sitemap.t2online_topic_sitemap"/>
  <testcase name="t2rss_Feed" time="40.000" classname="test_sitemap.t2online_topic_sitemap"/>
  <testcase name="t2rss_fb_new" time="39.820" classname="test_sitemap.t2online_topic_sitemap"/>
  <testcase name="t2rss_detail" time="41.512" classname="test_sitemap.t2online_topic_sitemap"/>
</testsuite> <!-- test_sitemap.t2online_topic_sitemap -->
