<?xml version="1.0" encoding="UTF-8"?>
<!-- Generated by org.testng.reporters.JUnitReportReporter -->
<testsuite hostname="ABPDigitalNoida-13724" name="test_sitemap.Abp_News_Sitemap" tests="1" failures="0" timestamp="1 Dec 2017 14:09:35 GMT" time="4.397" errors="0">
  <testcase name="abpSiteMapcheck" time="4.397" classname="test_sitemap.Abp_News_Sitemap"/>
</testsuite> <!-- test_sitemap.Abp_News_Sitemap -->
