<?xml version="1.0" encoding="UTF-8"?>
<!-- Generated by org.testng.reporters.JUnitReportReporter -->
<testsuite hostname="ABPDigitalNoida-13724" name="test_sitemap.Ebela_topic_sitemap" tests="1" failures="0" timestamp="1 Jan 2018 13:51:42 GMT" time="52.419" errors="0">
  <testcase name="ebelaTopic_Sitemap" time="52.419" classname="test_sitemap.Ebela_topic_sitemap"/>
</testsuite> <!-- test_sitemap.Ebela_topic_sitemap -->
