<?xml version="1.0" encoding="UTF-8"?>
<!-- Generated by org.testng.reporters.JUnitReportReporter -->
<testsuite hostname="ABPDigitalNoida-13724" name="test_sitemap.FacebookInstantarticle" tests="1" failures="0" timestamp="1 Jan 2018 13:51:42 GMT" time="15.595" errors="0">
  <testcase name="ebelainstantarticlecheck" time="15.595" classname="test_sitemap.FacebookInstantarticle"/>
</testsuite> <!-- test_sitemap.FacebookInstantarticle -->
