<?xml version="1.0" encoding="UTF-8"?>
<!-- Generated by org.testng.reporters.JUnitReportReporter -->
<testsuite hostname="ABPDigitalNoida-13724" name="test_sitemap.Abp_sitemap" tests="4" failures="0" timestamp="16 Jul 2018 07:40:31 GMT" time="145.828" errors="0">
  <testcase name="abpSiteMap_index" time="32.208" classname="test_sitemap.Abp_sitemap"/>
  <testcase name="abpnews_SiteMap" time="39.873" classname="test_sitemap.Abp_sitemap"/>
  <testcase name="abptopic_SiteMap" time="40.966" classname="test_sitemap.Abp_sitemap"/>
  <testcase name="abp_SiteMap" time="32.781" classname="test_sitemap.Abp_sitemap"/>
</testsuite> <!-- test_sitemap.Abp_sitemap -->
