<?xml version="1.0" encoding="UTF-8"?>
<!-- Generated by org.testng.reporters.JUnitReportReporter -->
<testsuite hostname="ABPDigitalNoida-13724" name="apis.Get_Articles_Between_Time" tests="1" failures="0" timestamp="4 Oct 2018 08:33:38 GMT" time="2.891" errors="0">
  <testcase name="get_Articles_Between_Time" time="2.891" classname="apis.Get_Articles_Between_Time"/>
</testsuite> <!-- apis.Get_Articles_Between_Time -->
