<?xml version="1.0" encoding="UTF-8"?>
<!-- Generated by org.testng.reporters.JUnitReportReporter -->
<testsuite hostname="ABPDigitalNoida-13724" name="apis.Get_Sub_Pages_By_Page_Id" tests="1" failures="0" timestamp="25 Sep 2018 06:57:21 GMT" time="1.328" errors="0">
  <testcase name="Get_Sub_Pages_By_Using_Page_Id" time="1.328" classname="apis.Get_Sub_Pages_By_Page_Id"/>
</testsuite> <!-- apis.Get_Sub_Pages_By_Page_Id -->
