<?xml version="1.0" encoding="UTF-8"?>
<!-- Generated by org.testng.reporters.JUnitReportReporter -->
<testsuite hostname="ABPDigitalNoida-13724" name="apis.Get_latest_articles_by_storyid" tests="1" failures="0" timestamp="4 Oct 2018 08:33:15 GMT" time="3.177" errors="0">
  <testcase name="get_Latest_Articles_Standard_Article" time="3.177" classname="apis.Get_latest_articles_by_storyid"/>
</testsuite> <!-- apis.Get_latest_articles_by_storyid -->
