<?xml version="1.0" encoding="UTF-8"?>
<!-- Generated by org.testng.reporters.JUnitReportReporter -->
<testsuite hostname="ABPDigitalNoida-13724" name="apis.Get_Article_By_Id" tests="1" failures="0" timestamp="4 Oct 2018 08:33:54 GMT" time="3.349" errors="0">
  <testcase name="get_Article_By_Id_API" time="3.349" classname="apis.Get_Article_By_Id"/>
</testsuite> <!-- apis.Get_Article_By_Id -->
