<?xml version="1.0" encoding="UTF-8"?>
<!-- Generated by org.testng.reporters.JUnitReportReporter -->
<testsuite hostname="ABPDigitalNoida-13724" name="apis.Get_latest_articles_by_vstoryid" tests="1" failures="0" timestamp="4 Oct 2018 08:33:02 GMT" time="3.346" errors="0">
  <testcase name="get_Latest_Articles_Video_Article" time="3.346" classname="apis.Get_latest_articles_by_vstoryid"/>
</testsuite> <!-- apis.Get_latest_articles_by_vstoryid -->
