<?xml version="1.0" encoding="UTF-8"?>
<!-- Generated by org.testng.reporters.JUnitReportReporter -->
<testsuite hostname="ABPDigitalNoida-13724" name="apis.Au_pq_api" tests="1" failures="0" timestamp="9 Oct 2018 06:38:45 GMT" time="2.987" errors="0">
  <testcase name="get_PQ_Departments" time="2.987" classname="apis.Au_pq_api"/>
</testsuite> <!-- apis.Au_pq_api -->
