<?xml version="1.0" encoding="UTF-8"?>
<!-- Generated by org.testng.reporters.JUnitReportReporter -->
<testsuite hostname="ABPDigitalNoida-13724" name="apis.Get_Articles_By_Tags" tests="1" failures="0" timestamp="15 Oct 2018 11:38:06 GMT" time="5.905" errors="0">
  <testcase name="Get_Articles_By_Tags_API" time="5.905" classname="apis.Get_Articles_By_Tags"/>
</testsuite> <!-- apis.Get_Articles_By_Tags -->
