<?xml version="1.0" encoding="UTF-8"?>
<!-- Generated by org.testng.reporters.JUnitReportReporter -->
<testsuite hostname="ABPDigitalNoida-13724" name="sectionpage.SectionTC_01" tests="1" failures="0" timestamp="31 Dec 2018 10:27:42 GMT" time="79.552" errors="0">
  <testcase name="sectionstoryclick" time="79.552" classname="sectionpage.SectionTC_01"/>
</testsuite> <!-- sectionpage.SectionTC_01 -->
