<?xml version="1.0" encoding="UTF-8"?>
<!-- Generated by org.testng.reporters.JUnitReportReporter -->
<testsuite hostname="ABPDigitalNoida-13724" name="homepage.HomeTC_02" tests="1" failures="0" timestamp="31 Dec 2018 10:27:42 GMT" time="55.776" errors="0">
  <testcase name="carousalcheck" time="55.776" classname="homepage.HomeTC_02"/>
</testsuite> <!-- homepage.HomeTC_02 -->
