<?xml version="1.0" encoding="UTF-8"?>
<!-- Generated by org.testng.reporters.JUnitReportReporter -->
<testsuite hostname="ABPDigitalNoida-13724" name="searchpage.search" tests="1" failures="0" timestamp="31 Dec 2018 10:27:42 GMT" time="300.532" errors="0">
  <testcase name="searchTest" time="300.532" classname="searchpage.search"/>
</testsuite> <!-- searchpage.search -->
