<?xml version="1.0" encoding="UTF-8"?>
<!-- Generated by org.testng.reporters.JUnitReportReporter -->
<testsuite hostname="RohitNegi-PC" name="test_sitemap.Abp_sitemap" tests="1" failures="0" timestamp="22 Nov 2016 06:03:16 GMT" time="401.536" errors="0">
  <testcase name="abpSiteMap" time="401.536" classname="test_sitemap.Abp_sitemap"/>
</testsuite> <!-- test_sitemap.Abp_sitemap -->
