<?xml version="1.0" encoding="UTF-8"?>
<!-- Generated by org.testng.reporters.JUnitReportReporter -->
<testsuite hostname="RohitNegi-PC" name="test_sitemap.ebela_Sitemap" tests="1" failures="0" timestamp="22 Nov 2016 06:03:16 GMT" time="134.760" errors="0">
  <testcase name="ebelaSiteMap" time="134.760" classname="test_sitemap.ebela_Sitemap"/>
</testsuite> <!-- test_sitemap.ebela_Sitemap -->
