<?xml version="1.0" encoding="UTF-8"?>
<!-- Generated by org.testng.reporters.JUnitReportReporter -->
<testsuite hostname="ABPDigitalNoida-13724" name="abpdigital_Robots.Photo_gallery" tests="4" failures="0" timestamp="26 Mar 2019 06:47:29 GMT" time="277.733" errors="0">
  <testcase name="PhotoGallery" time="47.605" classname="abpdigital_Robots.Photo_gallery"/>
  <testcase name="PhotoGallery_1ststory_click" time="72.262" classname="abpdigital_Robots.Photo_gallery"/>
  <testcase name="PhotoGallery_3rdstory_click" time="79.860" classname="abpdigital_Robots.Photo_gallery"/>
  <testcase name="PhotoGallery_2ndstory_click" time="78.006" classname="abpdigital_Robots.Photo_gallery"/>
</testsuite> <!-- abpdigital_Robots.Photo_gallery -->
