<?xml version="1.0" encoding="UTF-8"?>
<!-- Generated by org.testng.reporters.JUnitReportReporter -->
<testsuite hostname="ABPDigitalNoida-13724" name="PhotoGallery.PGStoryThree" tests="1" failures="0" timestamp="22 Oct 2018 06:55:28 GMT" time="38.552" errors="0">
  <testcase name="PhotoGallery_2ndstory_click" time="38.552" classname="PhotoGallery.PGStoryThree"/>
</testsuite> <!-- PhotoGallery.PGStoryThree -->
