<?xml version="1.0" encoding="UTF-8"?>
<!-- Generated by org.testng.reporters.JUnitReportReporter -->
<testsuite hostname="ABPDigitalNoida-13724" name="abpdigital_Robots.SSl_protocol" tests="3" failures="0" timestamp="28 Dec 2018 12:05:02 GMT" time="76.465" errors="0">
  <testcase name="test_ABP_SSl_protocol" time="27.623" classname="abpdigital_Robots.SSl_protocol"/>
  <testcase name="test_Fortune_SSl_protocol" time="24.690" classname="abpdigital_Robots.SSl_protocol"/>
  <testcase name="test_Ebela_SSl_protocol" time="24.152" classname="abpdigital_Robots.SSl_protocol"/>
</testsuite> <!-- abpdigital_Robots.SSl_protocol -->
