<?xml version="1.0" encoding="UTF-8"?>
<!-- Generated by org.testng.reporters.JUnitReportReporter -->
<testsuite hostname="ABPDigitalNoida-13724" name="PhotoGallery.PGStoryOne" tests="1" failures="0" timestamp="22 Oct 2018 06:51:39 GMT" time="41.631" errors="0">
  <testcase name="PhotoGallery_1ststory_click" time="41.631" classname="PhotoGallery.PGStoryOne"/>
</testsuite> <!-- PhotoGallery.PGStoryOne -->
