<?xml version="1.0" encoding="UTF-8"?>
<!-- Generated by org.testng.reporters.JUnitReportReporter -->
<testsuite hostname="ABPDigitalNoida-13724" name="abpdigital_Robots.CanonicalCheck" tests="2" failures="0" timestamp="28 Dec 2018 12:05:02 GMT" time="92.863" errors="0">
  <testcase name="CanonicalCheck_ABP" time="34.638" classname="abpdigital_Robots.CanonicalCheck"/>
  <testcase name="CanonicalCheck_Ebela" time="58.225" classname="abpdigital_Robots.CanonicalCheck"/>
</testsuite> <!-- abpdigital_Robots.CanonicalCheck -->
