<?xml version="1.0" encoding="UTF-8"?>
<!-- Generated by org.testng.reporters.JUnitReportReporter -->
<testsuite hostname="ABPDigitalNoida-13724" name="abpdigital_Robots.robots" tests="16" failures="0" timestamp="28 Dec 2018 12:05:02 GMT" time="245.826" errors="0">
  <testcase name="test_m_telegraphindia_Robots" time="12.030" classname="abpdigital_Robots.robots"/>
  <testcase name="test_images1ABP_Robots" time="15.051" classname="abpdigital_Robots.robots"/>
  <testcase name="test_imagesABP_Robots" time="15.724" classname="abpdigital_Robots.robots"/>
  <testcase name="test_originABP_Robots" time="14.621" classname="abpdigital_Robots.robots"/>
  <testcase name="test_Staging_t2online_Robots" time="12.393" classname="abpdigital_Robots.robots"/>
  <testcase name="test_telegraphindia_Robots" time="13.180" classname="abpdigital_Robots.robots"/>
  <testcase name="test_origin_images1ABP_Robots" time="15.765" classname="abpdigital_Robots.robots"/>
  <testcase name="test_Prod_Fortuneindia_Robots" time="16.221" classname="abpdigital_Robots.robots"/>
  <testcase name="test_Prod_Ebela_Robots" time="13.472" classname="abpdigital_Robots.robots"/>
  <testcase name="test_Prod_T2online_Robots" time="12.357" classname="abpdigital_Robots.robots"/>
  <testcase name="test_CMttef_Robots" time="19.983" classname="abpdigital_Robots.robots"/>
  <testcase name="test_imagesEbela_Robots" time="16.770" classname="abpdigital_Robots.robots"/>
  <testcase name="test_Prod_ABP_Robots" time="18.638" classname="abpdigital_Robots.robots"/>
  <testcase name="test_Staging_Ebela__Robots" time="16.854" classname="abpdigital_Robots.robots"/>
  <testcase name="test_Staging_ABP__Robots" time="16.093" classname="abpdigital_Robots.robots"/>
  <testcase name="test_origin_imagesABP_Robots" time="16.674" classname="abpdigital_Robots.robots"/>
</testsuite> <!-- abpdigital_Robots.robots -->
