<?xml version="1.0" encoding="UTF-8"?>
<!-- Generated by org.testng.reporters.JUnitReportReporter -->
<testsuite hostname="ABPDigitalNoida-13724" name="PhotoGallery.PGStoryTwo" tests="1" failures="0" timestamp="22 Oct 2018 06:58:04 GMT" time="42.141" errors="0">
  <testcase name="PhotoGallery_2ndstory_click" time="42.141" classname="PhotoGallery.PGStoryTwo"/>
</testsuite> <!-- PhotoGallery.PGStoryTwo -->
