<?xml version="1.0" encoding="UTF-8"?>
<!-- Generated by org.testng.reporters.JUnitReportReporter -->
<testsuite hostname="ABPDigitalNoida-13724" name="homepage.Nanabidh" tests="1" failures="0" timestamp="12 Apr 2018 05:24:49 GMT" time="32.302" errors="0">
  <testcase name="Nanabidh_click" time="32.302" classname="homepage.Nanabidh"/>
</testsuite> <!-- homepage.Nanabidh -->
