<?xml version="1.0" encoding="UTF-8"?>
<!-- Generated by org.testng.reporters.JUnitReportReporter -->
<testsuite hostname="ABPDigitalNoida-13724" name="homepage.Poll" tests="1" failures="0" timestamp="29 Dec 2017 06:03:19 GMT" time="37.937" errors="0">
  <testcase name="opinion_poll" time="37.937" classname="homepage.Poll"/>
</testsuite> <!-- homepage.Poll -->
