<?xml version="1.0" encoding="UTF-8"?>
<!-- Generated by org.testng.reporters.JUnitReportReporter -->
<testsuite hostname="ABPDigitalNoida-13724" name="homepage.CuratedStories" tests="1" failures="0" timestamp="29 Dec 2017 06:03:19 GMT" time="14.713" errors="0">
  <testcase name="Total_Stories" time="14.713" classname="homepage.CuratedStories"/>
</testsuite> <!-- homepage.CuratedStories -->
