<?xml version="1.0" encoding="UTF-8"?>
<!-- Generated by org.testng.reporters.JUnitReportReporter -->
<testsuite hostname="ABPDigitalNoida-13724" name="homepage.FooterClick" tests="1" failures="0" timestamp="29 Dec 2017 06:03:19 GMT" time="7.691" errors="0">
  <testcase name="footer_clickable" time="7.691" classname="homepage.FooterClick"/>
</testsuite> <!-- homepage.FooterClick -->
