<?xml version="1.0" encoding="UTF-8"?>
<!-- Generated by org.testng.reporters.JUnitReportReporter -->
<testsuite hostname="ABPDigitalNoida-13724" name="homepage.Trending" tests="1" failures="0" timestamp="29 Dec 2017 06:03:19 GMT" time="346.390" errors="0">
  <testcase name="TrendingBar" time="346.390" classname="homepage.Trending"/>
</testsuite> <!-- homepage.Trending -->
