<?xml version="1.0" encoding="UTF-8"?>
<!-- Generated by org.testng.reporters.JUnitReportReporter -->
<testsuite hostname="ABPDigitalNoida-13724" name="homepage.BackToTopScroll" tests="1" failures="0" timestamp="29 Dec 2017 06:03:19 GMT" time="49.893" errors="0">
  <testcase name="BackToTop" time="49.893" classname="homepage.BackToTopScroll"/>
</testsuite> <!-- homepage.BackToTopScroll -->
