<?xml version="1.0" encoding="UTF-8"?>
<!-- Generated by org.testng.reporters.JUnitReportReporter -->
<testsuite hostname="ABPDigitalNoida-13724" name="sectionpage.BackToTop" tests="1" failures="0" timestamp="29 Dec 2017 06:03:19 GMT" time="41.692" errors="0">
  <testcase name="BackToTop" time="41.692" classname="sectionpage.BackToTop"/>
</testsuite> <!-- sectionpage.BackToTop -->
