<?xml version="1.0" encoding="UTF-8"?>
<!-- Generated by org.testng.reporters.JUnitReportReporter -->
<testsuite hostname="ABPDigitalNoida-13724" name="homepage.horoscope" tests="1" failures="0" timestamp="25 Jun 2018 05:55:21 GMT" time="14.140" errors="0">
  <testcase name="horoscope_homepage" time="14.140" classname="homepage.horoscope"/>
</testsuite> <!-- homepage.horoscope -->
