<?xml version="1.0" encoding="UTF-8"?>
<!-- Generated by org.testng.reporters.JUnitReportReporter -->
<testsuite hostname="ABPDigitalNoida-13724" name="sectionpage.NavBarCheck" tests="1" failures="0" timestamp="29 Dec 2017 06:03:19 GMT" time="16.908" errors="0">
  <testcase name="nav_clickable" time="16.908" classname="sectionpage.NavBarCheck"/>
</testsuite> <!-- sectionpage.NavBarCheck -->
