<?xml version="1.0" encoding="UTF-8"?>
<!-- Generated by org.testng.reporters.JUnitReportReporter -->
<testsuite hostname="ABPDigitalNoida-13724" name="sectionpage.SubSectionCheck" tests="1" failures="0" timestamp="1 Mar 2018 06:05:36 GMT" time="122.527" errors="0">
  <testcase name="SubSectionSport" time="122.527" classname="sectionpage.SubSectionCheck"/>
</testsuite> <!-- sectionpage.SubSectionCheck -->
