<?xml version="1.0" encoding="UTF-8"?>
<!-- Generated by org.testng.reporters.JUnitReportReporter -->
<testsuite hostname="ABPDigitalNoida-13724" name="homepage.Brandlogo" tests="1" failures="0" timestamp="29 Dec 2017 06:03:19 GMT" time="28.114" errors="0">
  <testcase name="Logo_clickable" time="28.114" classname="homepage.Brandlogo"/>
</testsuite> <!-- homepage.Brandlogo -->
