<?xml version="1.0" encoding="UTF-8"?>
<!-- Generated by org.testng.reporters.JUnitReportReporter -->
<testsuite hostname="ABPDigitalNoida-13724" name="homepage.social" tests="1" failures="0" timestamp="29 Dec 2017 06:03:19 GMT" time="15.707" errors="0">
  <testcase name="social_clickable" time="15.707" classname="homepage.social"/>
</testsuite> <!-- homepage.social -->
