<?xml version="1.0" encoding="UTF-8"?>
<!-- Generated by org.testng.reporters.JUnitReportReporter -->
<testsuite hostname="ABPDigitalNoida-13724" name="sectionpage.LoadMore" tests="1" failures="0" timestamp="29 Dec 2017 06:03:19 GMT" time="30.622" errors="0">
  <testcase name="LoadMoreSectionPage" time="30.622" classname="sectionpage.LoadMore"/>
</testsuite> <!-- sectionpage.LoadMore -->
