<?xml version="1.0" encoding="UTF-8"?>
<!-- Generated by org.testng.reporters.JUnitReportReporter -->
<testsuite hostname="ABPDigitalNoida-13724" name="sectionpage.BrandLogo" tests="1" failures="0" timestamp="29 Dec 2017 06:03:19 GMT" time="33.004" errors="0">
  <testcase name="Logo_clickable" time="33.004" classname="sectionpage.BrandLogo"/>
</testsuite> <!-- sectionpage.BrandLogo -->
