<?xml version="1.0" encoding="UTF-8"?>
<!-- Generated by org.testng.reporters.JUnitReportReporter -->
<testsuite hostname="ABPDigitalNoida-13724" name="sectionpage.breadcrumb" tests="1" failures="0" timestamp="29 Dec 2017 06:03:19 GMT" time="41.156" errors="0">
  <testcase name="breadcrumb_clickable" time="41.156" classname="sectionpage.breadcrumb"/>
</testsuite> <!-- sectionpage.breadcrumb -->
