<?xml version="1.0" encoding="UTF-8"?>
<!-- Generated by org.testng.reporters.JUnitReportReporter -->
<testsuite hostname="ABPDigitalNoida-13724" name="abpdigital_Robots.Photo_gallery" tests="4" failures="0" timestamp="11 Dec 2017 11:01:34 GMT" time="131.187" errors="0">
  <testcase name="PhotoGallery_3rdstory_click" time="44.107" classname="abpdigital_Robots.Photo_gallery"/>
  <testcase name="PhotoGallery_2ndstory_click" time="29.193" classname="abpdigital_Robots.Photo_gallery"/>
  <testcase name="PhotoGallery_1ststory_click" time="27.417" classname="abpdigital_Robots.Photo_gallery"/>
  <testcase name="PhotoGallery" time="30.470" classname="abpdigital_Robots.Photo_gallery"/>
</testsuite> <!-- abpdigital_Robots.Photo_gallery -->
