<?xml version="1.0" encoding="UTF-8"?>
<!-- Generated by org.testng.reporters.JUnitReportReporter -->
<testsuite hostname="ABPDigitalNoida-13724" name="PhotoGallery.PGStoryTwo" tests="1" failures="0" timestamp="21 Nov 2017 12:09:53 GMT" time="90.931" errors="0">
  <testcase name="PhotoGallery_2ndstory_click" time="90.931" classname="PhotoGallery.PGStoryTwo"/>
</testsuite> <!-- PhotoGallery.PGStoryTwo -->
