<?xml version="1.0" encoding="UTF-8"?>
<!-- Generated by org.testng.reporters.JUnitReportReporter -->
<testsuite hostname="ABPDigitalNoida-13724" name="PhotoGallery.PGLandingPage" tests="1" failures="0" timestamp="11 Dec 2017 11:05:07 GMT" time="33.163" errors="0">
  <testcase name="PhotoGallery" time="33.163" classname="PhotoGallery.PGLandingPage"/>
</testsuite> <!-- PhotoGallery.PGLandingPage -->
