<?xml version="1.0" encoding="UTF-8"?>
<!-- Generated by org.testng.reporters.JUnitReportReporter -->
<testsuite hostname="ABPDigitalNoida-13724" name="abpdigital_Robots.SSl_protocol" tests="4" failures="0" timestamp="27 Jul 2018 06:02:00 GMT" time="27.696" errors="0">
  <testcase name="test_Ebela_SSl_protocol" time="5.498" classname="abpdigital_Robots.SSl_protocol"/>
  <testcase name="test_Fortune_SSl_protocol" time="5.453" classname="abpdigital_Robots.SSl_protocol"/>
  <testcase name="test_T2online_SSl_protocol" time="5.287" classname="abpdigital_Robots.SSl_protocol"/>
  <testcase name="test_ABP_SSl_protocol" time="11.458" classname="abpdigital_Robots.SSl_protocol"/>
</testsuite> <!-- abpdigital_Robots.SSl_protocol -->
