<?xml version="1.0" encoding="UTF-8"?>
<!-- Generated by org.testng.reporters.JUnitReportReporter -->
<testsuite hostname="ABPDigitalNoida-13724" name="PhotoGallery.PGStoryOne" tests="1" failures="0" timestamp="11 Dec 2017 11:06:21 GMT" time="44.435" errors="0">
  <testcase name="PhotoGallery_1ststory_click" time="44.435" classname="PhotoGallery.PGStoryOne"/>
</testsuite> <!-- PhotoGallery.PGStoryOne -->
