<?xml version="1.0" encoding="UTF-8"?>
<!-- Generated by org.testng.reporters.JUnitReportReporter -->
<testsuite hostname="ABPDigitalNoida-13724" name="abpdigital_Robots.CanonicalCheck" tests="2" failures="0" timestamp="21 Mar 2018 05:12:32 GMT" time="50.625" errors="0">
  <testcase name="CanonicalCheck_Ebela" time="31.602" classname="abpdigital_Robots.CanonicalCheck"/>
  <testcase name="CanonicalCheck_ABP" time="19.023" classname="abpdigital_Robots.CanonicalCheck"/>
</testsuite> <!-- abpdigital_Robots.CanonicalCheck -->
