<?xml version="1.0" encoding="UTF-8"?>
<!-- Generated by org.testng.reporters.JUnitReportReporter -->
<testsuite hostname="ABPDigitalNoida-13724" name="Trendingstories_validation" tests="1" failures="0" timestamp="14 Nov 2017 07:25:20 GMT" time="11.224" errors="0">
  <testcase name="TrendingStories_valid" time="11.224" classname="Trendingstories_validation"/>
</testsuite> <!-- Trendingstories_validation -->
