<?xml version="1.0" encoding="UTF-8"?>
<!-- Generated by org.testng.reporters.JUnitReportReporter -->
<testsuite hostname="UIS-PC" name="Trendingstories" tests="1" failures="0" timestamp="15 Feb 2017 10:09:17 GMT" time="88.884" errors="0">
  <testcase name="story_TrendingStories" time="88.884" classname="Trendingstories"/>
</testsuite> <!-- Trendingstories -->
