<?xml version="1.0" encoding="UTF-8"?>
<!-- Generated by org.testng.reporters.JUnitReportReporter -->
<testsuite hostname="ABPDigitalNoida-13724" name="TrendingTestCase" tests="1" failures="0" timestamp="23 Jul 2018 09:59:31 GMT" time="178.279" errors="0">
  <testcase name="trend_api" time="178.279" classname="TrendingTestCase"/>
</testsuite> <!-- TrendingTestCase -->
