<?xml version="1.0" encoding="UTF-8"?>
<!-- Generated by org.testng.reporters.JUnitReportReporter -->
<testsuite skipped="0" hostname="ABPDigitalNoida-13724" name="homepage.HomeTC_16" tests="1" failures="0" timestamp="08 Sep 2017 06:02:37 GMT" time="44.997" errors="0">
  <testcase name="social_clickable" time="44.997" classname="homepage.HomeTC_16"/>
</testsuite> <!-- homepage.HomeTC_16 -->
