<?xml version="1.0" encoding="UTF-8"?>
<!-- Generated by org.testng.reporters.JUnitReportReporter -->
<testsuite skipped="0" hostname="ABPDigitalNoida-13724" name="homepage.HomeTC_13" tests="1" failures="0" timestamp="08 Sep 2017 06:02:37 GMT" time="51.670" errors="0">
  <testcase name="Logo_clickable" time="51.670" classname="homepage.HomeTC_13"/>
</testsuite> <!-- homepage.HomeTC_13 -->
