<?xml version="1.0" encoding="UTF-8"?>
<!-- Generated by org.testng.reporters.JUnitReportReporter -->
<testsuite skipped="0" hostname="ABPDigitalNoida-13724" name="homepage.HomeTC_14" tests="1" failures="0" timestamp="08 Sep 2017 06:02:37 GMT" time="34.905" errors="0">
  <testcase name="nav_clickable" time="34.905" classname="homepage.HomeTC_14"/>
</testsuite> <!-- homepage.HomeTC_14 -->
