<?xml version="1.0" encoding="UTF-8"?>
<!-- Generated by org.testng.reporters.JUnitReportReporter -->
<testsuite hostname="ABPDigitalNoida-13724" name="test_sitemap.Abp_sitemap" tests="1" failures="0" timestamp="16 Oct 2017 10:39:54 GMT" time="313.048" errors="0">
  <testcase name="abpSiteMapCheck" time="313.048" classname="test_sitemap.Abp_sitemap"/>
</testsuite> <!-- test_sitemap.Abp_sitemap -->
