<?xml version="1.0" encoding="UTF-8"?>
<!-- Generated by org.testng.reporters.JUnitReportReporter -->
<testsuite hostname="ABPDigitalNoida-13724" name="test_sitemap.t2online_topic_sitemap" tests="1" failures="0" timestamp="16 Oct 2017 10:39:54 GMT" time="4211.264" errors="0">
  <testcase name="T2onlinesSiteMapCheck" time="4211.264" classname="test_sitemap.t2online_topic_sitemap"/>
</testsuite> <!-- test_sitemap.t2online_topic_sitemap -->
