<?xml version="1.0" encoding="UTF-8"?>
<!-- Generated by org.testng.reporters.JUnitReportReporter -->
<testsuite hostname="ABPDigitalNoida-13724" name="test_sitemap.ebela_Sitemap" tests="1" failures="0" timestamp="16 Oct 2017 10:39:54 GMT" time="68.864" errors="0">
  <testcase name="ebelaSiteMapCheck" time="68.864" classname="test_sitemap.ebela_Sitemap"/>
</testsuite> <!-- test_sitemap.ebela_Sitemap -->
