<?xml version="1.0" encoding="UTF-8"?>
<!-- Generated by org.testng.reporters.JUnitReportReporter -->
<testsuite hostname="UIS-PC" name="test_sitemap.t2online_sitemap" tests="1" failures="0" timestamp="15 Mar 2017 05:54:29 GMT" time="1698.956" errors="0">
  <testcase name="T2onlinesSiteMap" time="1698.956" classname="test_sitemap.t2online_sitemap"/>
</testsuite> <!-- test_sitemap.t2online_sitemap -->
