<?xml version="1.0" encoding="UTF-8"?>
<!-- Generated by org.testng.reporters.JUnitReportReporter -->
<testsuite hostname="ABPDigitalNoida-13724" name="test_sitemap.Ebela_topic_sitemap" tests="1" failures="0" timestamp="16 Oct 2017 10:39:54 GMT" time="5773.989" errors="0">
  <testcase name="ebela_topic_SiteMapCheck" time="5773.989" classname="test_sitemap.Ebela_topic_sitemap"/>
</testsuite> <!-- test_sitemap.Ebela_topic_sitemap -->
