<?xml version="1.0" encoding="UTF-8"?>
<!-- Generated by org.testng.reporters.JUnitReportReporter -->
<testsuite hostname="ABPDigitalNoida-13724" name="homepage.HomeTC_08" tests="1" failures="0" timestamp="6 Sep 2017 09:36:53 GMT" time="32.594" errors="0">
  <testcase name="Total_Stories" time="32.594" classname="homepage.HomeTC_08"/>
</testsuite> <!-- homepage.HomeTC_08 -->
