<?xml version="1.0" encoding="UTF-8"?>
<!-- Generated by org.testng.reporters.JUnitReportReporter -->
<testsuite hostname="ABPDigitalNoida-13724" name="homepage.HomeTC_05" tests="1" failures="0" timestamp="6 Sep 2017 08:44:05 GMT" time="132.338" errors="0">
  <testcase name="footer_clickable" time="132.338" classname="homepage.HomeTC_05"/>
</testsuite> <!-- homepage.HomeTC_05 -->
