<?xml version="1.0" encoding="UTF-8"?>
<!-- Generated by org.testng.reporters.JUnitReportReporter -->
<testsuite hostname="ABPDigitalNoida-13724" name="homepage.HomeTC_14" tests="1" failures="0" timestamp="7 Sep 2017 18:06:30 GMT" time="27.606" errors="0">
  <testcase name="nav_clickable" time="27.606" classname="homepage.HomeTC_14"/>
</testsuite> <!-- homepage.HomeTC_14 -->
