<?xml version="1.0" encoding="UTF-8"?>
<!-- Generated by org.testng.reporters.JUnitReportReporter -->
<testsuite hostname="ABPDigitalNoida-13724" name="homepage.HomeTC_01" tests="1" failures="0" timestamp="6 Sep 2017 07:20:04 GMT" time="53.364" errors="0">
  <testcase name="Logo_clickable" time="53.364" classname="homepage.HomeTC_01"/>
</testsuite> <!-- homepage.HomeTC_01 -->
