<?xml version="1.0" encoding="UTF-8"?>
<!-- Generated by org.testng.reporters.JUnitReportReporter -->
<testsuite hostname="ABPDigitalNoida-13724" name="homepage.HomeTC_10" tests="1" failures="0" timestamp="7 Sep 2017 09:36:51 GMT" time="44.561" errors="0">
  <testcase name="opinion_poll" time="44.561" classname="homepage.HomeTC_10"/>
</testsuite> <!-- homepage.HomeTC_10 -->
