<?xml version="1.0" encoding="UTF-8"?>
<!-- Generated by org.testng.reporters.JUnitReportReporter -->
<testsuite hostname="ABPDigitalNoida-13724" name="homepage.HomeTC_15" tests="1" failures="0" timestamp="7 Sep 2017 17:26:16 GMT" time="411.327" errors="0">
  <testcase name="TrendingBar" time="411.327" classname="homepage.HomeTC_15"/>
</testsuite> <!-- homepage.HomeTC_15 -->
