<?xml version="1.0" encoding="UTF-8"?>
<!-- Generated by org.testng.reporters.JUnitReportReporter -->
<testsuite hostname="ABPDigitalNoida-13724" name="homepage.HomeTC_16" tests="1" failures="0" timestamp="8 Sep 2017 05:47:19 GMT" time="40.416" errors="0">
  <testcase name="social_clickable" time="40.416" classname="homepage.HomeTC_16"/>
</testsuite> <!-- homepage.HomeTC_16 -->
