<?xml version="1.0" encoding="UTF-8"?>
<!-- Generated by org.testng.reporters.JUnitReportReporter -->
<testsuite hostname="UIS-PC" name="test" tests="2" failures="0" timestamp="15 Mar 2017 11:15:25 GMT" time="88.937" errors="0">
  <testcase name="TopicpageTest2" time="41.045" classname="test"/>
  <testcase name="TopicpageTest1" time="47.892" classname="test"/>
</testsuite> <!-- test -->
