<?xml version="1.0" encoding="UTF-8"?>
<!-- Generated by org.testng.reporters.JUnitReportReporter -->
<testsuite hostname="UIS-PC" name="Trendingstories" tests="1" failures="0" timestamp="13 Feb 2017 08:04:25 GMT" time="94.235" errors="0">
  <testcase name="story_TrendingStories" time="94.235" classname="Trendingstories"/>
</testsuite> <!-- Trendingstories -->
