<?xml version="1.0" encoding="UTF-8"?>
<!-- Generated by org.testng.reporters.JUnitReportReporter -->
<testsuite hostname="ABPDigitalNoida-13724" name="Searchpage" tests="1" failures="0" timestamp="5 Mar 2018 07:29:43 GMT" time="196.757" errors="0">
  <testcase name="Searchpagecheck" time="196.757" classname="Searchpage"/>
</testsuite> <!-- Searchpage -->
