<?xml version="1.0" encoding="UTF-8"?>
<!-- Generated by org.testng.reporters.JUnitReportReporter -->
<testsuite hostname="ABPDigitalNoida-13724" name="Sectionpage" tests="108" failures="0" timestamp="5 Mar 2018 07:29:43 GMT" time="3793.635" errors="1">
  <testcase name="entertainmentsection_spin_SubSectionClick" time="23.358" classname="Sectionpage"/>
  <testcase name="videosection_entertainment_SubSectionClick" time="36.833" classname="Sectionpage"/>
  <testcase name="entersection_entertainment_SubMenuStoryClickSection" time="38.049" classname="Sectionpage"/>
  <testcase name="videosection_tech_SubSectionClick" time="35.341" classname="Sectionpage"/>
  <testcase name="tech_section_spin_SubMenuAssert" time="35.319" classname="Sectionpage"/>
  <testcase name="tech_section_lifestyle_SubMenuAssert" time="15.913" classname="Sectionpage"/>
  <testcase name="sportsection_video_SubMenuStoryClickSection" time="42.890" classname="Sectionpage"/>
  <testcase name="techsection_video_SubMenuStoryClickSection" time="42.366" classname="Sectionpage"/>
  <testcase name="tech_section_entertainment_SubMenuAssert" time="15.814" classname="Sectionpage"/>
  <testcase name="videosection_spin_SubSectionClick" time="53.959" classname="Sectionpage"/>
  <testcase name="spin_section_video_SubMenuAssert" time="11.749" classname="Sectionpage"/>
  <testcase name="sportsection_BackToTopSection" time="3.012" classname="Sectionpage"/>
  <testcase name="sport_section_lifestyle_SubMenuAssert" time="14.206" classname="Sectionpage"/>
  <testcase name="techsection_spin_SubMenuStoryClickSection" time="124.861" classname="Sectionpage"/>
  <testcase name="videosection_BackToTopSection" time="3.219" classname="Sectionpage"/>
  <testcase name="sportsection_spin_SubSectionClick" time="26.854" classname="Sectionpage"/>
  <testcase name="spin_section_tech_SubMenuAssert" time="15.977" classname="Sectionpage"/>
  <testcase name="lifestylesection_video_SubSectionClick" time="26.579" classname="Sectionpage"/>
  <testcase name="curatedsection_entertainment_SubSectionClick" time="22.856" classname="Sectionpage"/>
  <testcase name="spin_section_lifestyle_SubMenuAssert" time="16.251" classname="Sectionpage"/>
  <testcase name="videosection_lifestyle_SubSectionClick" time="35.531" classname="Sectionpage"/>
  <testcase name="entertainmentsection_lifestyle_SubSectionClick" time="20.122" classname="Sectionpage"/>
  <testcase name="tech_section_video_SubMenuAssert" time="34.384" classname="Sectionpage"/>
  <testcase name="videosection_sport_SubMenuStoryClickSection" time="60.574" classname="Sectionpage"/>
  <testcase name="lifestyle_section_sport_SubMenuAssert" time="12.594" classname="Sectionpage"/>
  <testcase name="sportsection_sport_SubMenuStoryClickSection" time="45.657" classname="Sectionpage"/>
  <testcase name="entersection_tech_SubMenuStoryClickSection" time="41.005" classname="Sectionpage"/>
  <testcase name="lifestylesection_lifestyle_SubMenuStoryClickSection" time="40.628" classname="Sectionpage"/>
  <testcase name="spinsection_lifestyle_SubMenuStoryClickSection" time="42.786" classname="Sectionpage"/>
  <testcase name="lifestylesection_tech_SubMenuStoryClickSection" time="40.656" classname="Sectionpage"/>
  <testcase name="spinsection_entertainment_SubMenuStoryClickSection" time="46.406" classname="Sectionpage"/>
  <testcase name="lifestylesection_video_SubMenuStoryClickSection" time="46.957" classname="Sectionpage"/>
  <testcase name="spinsection_lifestyle_SubSectionClick" time="41.506" classname="Sectionpage"/>
  <testcase name="sportsection_spin_SubMenuStoryClickSection" time="43.432" classname="Sectionpage"/>
  <testcase name="entertainmentsection_video_SubSectionClick" time="25.288" classname="Sectionpage"/>
  <testcase name="lifestylesection_spin_SubMenuStoryClickSection" time="60.762" classname="Sectionpage"/>
  <testcase name="lifestyle_section_spin_SubMenuAssert" time="34.084" classname="Sectionpage"/>
  <testcase name="sport_section_entertainment_SubMenuAssert" time="15.578" classname="Sectionpage"/>
  <testcase name="sportsection_spin_SubMenuStoryClickSection" time="18.373" classname="Sectionpage">
    <error type="org.openqa.selenium.ElementNotVisibleException" message="element not visible
  (Session info: chrome=64.0.3282.186)
  (Driver info: chromedriver=2.33.506120 (e3e53437346286c0bc2d2dc9aa4915ba81d9023f),platform=Windows NT 10.0.16299 x86_64) (WARNING: The server did not provide any stacktrace information)
Command duration or timeout: 67 milliseconds
Build info: version: &#039;2.53.0&#039;, revision: &#039;35ae25b&#039;, time: &#039;2016-03-15 16:57:40&#039;
System info: host: &#039;ABPDigitalNoida-13724&#039;, ip: &#039;10.138.10.54&#039;, os.name: &#039;Windows 10&#039;, os.arch: &#039;amd64&#039;, os.version: &#039;10.0&#039;, java.version: &#039;1.8.0_131&#039;
Driver info: org.openqa.selenium.chrome.ChromeDriver
Capabilities [{applicationCacheEnabled=false, rotatable=false, mobileEmulationEnabled=false, networkConnectionEnabled=false, chrome={chromedriverVersion=2.33.506120 (e3e53437346286c0bc2d2dc9aa4915ba81d9023f), userDataDir=C:\Users\DIGITA~1\AppData\Local\Temp\scoped_dir6520_26382}, takesHeapSnapshot=true, pageLoadStrategy=normal, databaseEnabled=false, handlesAlerts=true, hasTouchScreen=false, version=64.0.3282.186, platform=XP, browserConnectionEnabled=false, nativeEvents=true, acceptSslCerts=true, locationContextEnabled=true, webStorageEnabled=true, browserName=chrome, takesScreenshot=true, javascriptEnabled=true, cssSelectorsEnabled=true, setWindowRect=true, unexpectedAlertBehaviour=}]
Session ID: bd40fa3b2d2126f3f7b7929426672647">
      <![CDATA[org.openqa.selenium.ElementNotVisibleException: element not visible
  (Session info: chrome=64.0.3282.186)
  (Driver info: chromedriver=2.33.506120 (e3e53437346286c0bc2d2dc9aa4915ba81d9023f),platform=Windows NT 10.0.16299 x86_64) (WARNING: The server did not provide any stacktrace information)
Command duration or timeout: 67 milliseconds
Build info: version: '2.53.0', revision: '35ae25b', time: '2016-03-15 16:57:40'
System info: host: 'ABPDigitalNoida-13724', ip: '10.138.10.54', os.name: 'Windows 10', os.arch: 'amd64', os.version: '10.0', java.version: '1.8.0_131'
Driver info: org.openqa.selenium.chrome.ChromeDriver
Capabilities [{applicationCacheEnabled=false, rotatable=false, mobileEmulationEnabled=false, networkConnectionEnabled=false, chrome={chromedriverVersion=2.33.506120 (e3e53437346286c0bc2d2dc9aa4915ba81d9023f), userDataDir=C:\Users\DIGITA~1\AppData\Local\Temp\scoped_dir6520_26382}, takesHeapSnapshot=true, pageLoadStrategy=normal, databaseEnabled=false, handlesAlerts=true, hasTouchScreen=false, version=64.0.3282.186, platform=XP, browserConnectionEnabled=false, nativeEvents=true, acceptSslCerts=true, locationContextEnabled=true, webStorageEnabled=true, browserName=chrome, takesScreenshot=true, javascriptEnabled=true, cssSelectorsEnabled=true, setWindowRect=true, unexpectedAlertBehaviour=}]
Session ID: bd40fa3b2d2126f3f7b7929426672647
	at sun.reflect.NativeConstructorAccessorImpl.newInstance0(Native Method)
	at sun.reflect.NativeConstructorAccessorImpl.newInstance(Unknown Source)
	at sun.reflect.DelegatingConstructorAccessorImpl.newInstance(Unknown Source)
	at java.lang.reflect.Constructor.newInstance(Unknown Source)
	at org.openqa.selenium.remote.ErrorHandler.createThrowable(ErrorHandler.java:206)
	at org.openqa.selenium.remote.ErrorHandler.throwIfResponseFailed(ErrorHandler.java:158)
	at org.openqa.selenium.remote.RemoteWebDriver.execute(RemoteWebDriver.java:678)
	at org.openqa.selenium.remote.RemoteWebElement.execute(RemoteWebElement.java:327)
	at org.openqa.selenium.remote.RemoteWebElement.click(RemoteWebElement.java:85)
	at base.sport_SubMenuStoryClick(base.java:703)
	at Sectionpage.sportsection_spin_SubMenuStoryClickSection(Sectionpage.java:1030)
	at sun.reflect.NativeMethodAccessorImpl.invoke0(Native Method)
	at sun.reflect.NativeMethodAccessorImpl.invoke(Unknown Source)
	at sun.reflect.DelegatingMethodAccessorImpl.invoke(Unknown Source)
	at java.lang.reflect.Method.invoke(Unknown Source)
	at org.testng.internal.MethodInvocationHelper.invokeMethod(MethodInvocationHelper.java:85)
	at org.testng.internal.Invoker.invokeMethod(Invoker.java:639)
	at org.testng.internal.Invoker.invokeTestMethod(Invoker.java:816)
	at org.testng.internal.Invoker.invokeTestMethods(Invoker.java:1124)
	at org.testng.internal.TestMethodWorker.invokeTestMethods(TestMethodWorker.java:125)
	at org.testng.internal.TestMethodWorker.run(TestMethodWorker.java:108)
	at org.testng.TestRunner.privateRun(TestRunner.java:774)
	at org.testng.TestRunner.run(TestRunner.java:624)
	at org.testng.SuiteRunner.runTest(SuiteRunner.java:359)
	at org.testng.SuiteRunner.runSequentially(SuiteRunner.java:354)
	at org.testng.SuiteRunner.privateRun(SuiteRunner.java:312)
	at org.testng.SuiteRunner.run(SuiteRunner.java:261)
	at org.testng.SuiteRunnerWorker.runSuite(SuiteRunnerWorker.java:52)
	at org.testng.SuiteRunnerWorker.run(SuiteRunnerWorker.java:86)
	at org.testng.TestNG.runSuitesSequentially(TestNG.java:1215)
	at org.testng.TestNG.runSuitesLocally(TestNG.java:1140)
	at org.testng.TestNG.run(TestNG.java:1048)
	at org.testng.remote.AbstractRemoteTestNG.run(AbstractRemoteTestNG.java:132)
	at org.testng.remote.RemoteTestNG.initAndRun(RemoteTestNG.java:236)
	at org.testng.remote.RemoteTestNG.main(RemoteTestNG.java:81)
]]>
    </error>
  </testcase> <!-- sportsection_spin_SubMenuStoryClickSection -->
  <testcase name="spinsection_tech_SubSectionClick" time="39.432" classname="Sectionpage"/>
  <testcase name="techsection_sport_SubSectionClick" time="23.176" classname="Sectionpage"/>
  <testcase name="entertainment_section_spin_SubMenuAssert" time="13.570" classname="Sectionpage"/>
  <testcase name="curatedsection_tech_SubSectionClick" time="31.314" classname="Sectionpage"/>
  <testcase name="sportsection_lifestyle_SubSectionClick" time="23.081" classname="Sectionpage"/>
  <testcase name="techsection_sport_SubMenuStoryClickSection" time="45.049" classname="Sectionpage"/>
  <testcase name="sport_section_video_SubMenuAssert" time="14.291" classname="Sectionpage"/>
  <testcase name="techsection_BackToTopSection" time="3.412" classname="Sectionpage"/>
  <testcase name="tech_section_sport_SubMenuAssert" time="14.092" classname="Sectionpage"/>
  <testcase name="entersection_spin_SubMenuStoryClickSection" time="41.357" classname="Sectionpage"/>
  <testcase name="lifestylesection_sport_SubSectionClick" time="22.026" classname="Sectionpage"/>
  <testcase name="videosection_entertainment_SubMenuStoryClickSection" time="60.150" classname="Sectionpage"/>
  <testcase name="entertainment_section_tech_SubMenuAssert" time="14.077" classname="Sectionpage"/>
  <testcase name="video_section_entertainment_SubMenuAssert" time="15.960" classname="Sectionpage"/>
  <testcase name="lifestylesection_tech_SubSectionClick" time="22.371" classname="Sectionpage"/>
  <testcase name="spinsection_sport_SubSectionClick" time="41.634" classname="Sectionpage"/>
  <testcase name="techsection_tech_SubMenuStoryClickSection" time="40.303" classname="Sectionpage"/>
  <testcase name="lifestyle_section_tech_SubMenuAssert" time="16.957" classname="Sectionpage"/>
  <testcase name="videosection_sport_SubSectionClick" time="35.474" classname="Sectionpage"/>
  <testcase name="spin_section_entertainment_SubMenuAssert" time="15.922" classname="Sectionpage"/>
  <testcase name="techsection_entertainment_SubMenuStoryClickSection" time="65.862" classname="Sectionpage"/>
  <testcase name="lifestyle_section_entertainment_SubMenuAssert" time="32.283" classname="Sectionpage"/>
  <testcase name="entertainment_section_sport_SubMenuAssert" time="18.647" classname="Sectionpage"/>
  <testcase name="sportsection_lifestyle_SubMenuStoryClickSection" time="39.699" classname="Sectionpage"/>
  <testcase name="techsection_entertainment_SubSectionClick" time="50.375" classname="Sectionpage"/>
  <testcase name="sportsection_tech_SubMenuStoryClickSection" time="40.366" classname="Sectionpage"/>
  <testcase name="sport_section_tech_SubMenuAssert" time="34.622" classname="Sectionpage"/>
  <testcase name="entertainmentsection_sport_SubSectionClick" time="18.144" classname="Sectionpage"/>
  <testcase name="entersection_sport_SubMenuStoryClickSection" time="39.586" classname="Sectionpage"/>
  <testcase name="video_section_lifestyle_SubMenuAssert" time="12.661" classname="Sectionpage"/>
  <testcase name="videosection_lifestyle_SubMenuStoryClickSection" time="59.507" classname="Sectionpage"/>
  <testcase name="curatedsection_sport_SubSectionClick" time="29.628" classname="Sectionpage"/>
  <testcase name="curatedsection_lifestyle_SubSectionClick" time="36.190" classname="Sectionpage"/>
  <testcase name="techsection_video_SubSectionClick" time="46.527" classname="Sectionpage"/>
  <testcase name="videosection_video_SubMenuStoryClickSection" time="62.214" classname="Sectionpage"/>
  <testcase name="spinsection_video_SubSectionClick" time="33.547" classname="Sectionpage"/>
  <testcase name="entertainment_section_video_SubMenuAssert" time="12.801" classname="Sectionpage"/>
  <testcase name="entertainment_section_lifestyle_SubMenuAssert" time="12.236" classname="Sectionpage"/>
  <testcase name="lifestylesection_spin_SubSectionClick" time="25.995" classname="Sectionpage"/>
  <testcase name="spinsection_spin_SubMenuStoryClickSection" time="42.801" classname="Sectionpage"/>
  <testcase name="entertainmentsection_tech_SubSectionClick" time="20.046" classname="Sectionpage"/>
  <testcase name="videosection_tech_SubMenuStoryClickSection" time="56.644" classname="Sectionpage"/>
  <testcase name="video_section_tech_SubMenuAssert" time="14.098" classname="Sectionpage"/>
  <testcase name="videosection_spin_SubMenuStoryClickSection" time="81.208" classname="Sectionpage"/>
  <testcase name="entertainmentsection_BackToTopSection" time="3.350" classname="Sectionpage"/>
  <testcase name="techsection_spin_SubSectionClick" time="53.280" classname="Sectionpage"/>
  <testcase name="spinsection_BackToTopSection" time="2.632" classname="Sectionpage"/>
  <testcase name="sportsection_entertainment_SubSectionClick" time="48.506" classname="Sectionpage"/>
  <testcase name="lifestyle_section_video_SubMenuAssert" time="13.876" classname="Sectionpage"/>
  <testcase name="entersection_Lifestyle_SubMenuStoryClickSection" time="61.247" classname="Sectionpage"/>
  <testcase name="spinsection_sport_SubMenuStoryClickSection" time="137.757" classname="Sectionpage"/>
  <testcase name="sportsection_video_SubSectionClick" time="46.534" classname="Sectionpage"/>
  <testcase name="section_LoadMoreSection" time="172.093" classname="Sectionpage"/>
  <testcase name="video_section_spin_SubMenuAssert" time="13.618" classname="Sectionpage"/>
  <testcase name="lifestylesection_sport_SubMenuStoryClickSection" time="43.007" classname="Sectionpage"/>
  <testcase name="lifestylesection_entertainment_SubMenuStoryClickSection" time="38.566" classname="Sectionpage"/>
  <testcase name="video_section_sport_SubMenuAssert" time="19.975" classname="Sectionpage"/>
  <testcase name="sportsection_tech_SubSectionClick" time="47.632" classname="Sectionpage"/>
  <testcase name="spinsection_video_SubMenuStoryClickSection" time="40.095" classname="Sectionpage"/>
  <testcase name="curatedsection_spin_SubSectionClick" time="37.346" classname="Sectionpage"/>
  <testcase name="spinsection_tech_SubMenuStoryClickSection" time="55.024" classname="Sectionpage"/>
  <testcase name="sport_section_spin_SubMenuAssert" time="13.916" classname="Sectionpage"/>
  <testcase name="techsection_lifestyle_SubMenuStoryClickSection" time="63.480" classname="Sectionpage"/>
  <testcase name="lifestylesection_BackToTopSection" time="2.654" classname="Sectionpage"/>
  <testcase name="spinsection_entertainment_SubSectionClick" time="44.003" classname="Sectionpage"/>
  <testcase name="entersection_video_SubMenuStoryClickSection" time="42.695" classname="Sectionpage"/>
  <testcase name="lifestylesection_entertainment_SubSectionClick" time="22.719" classname="Sectionpage"/>
  <testcase name="techsection_lifestyle_SubSectionClick" time="22.683" classname="Sectionpage"/>
  <testcase name="spin_section_sport_SubMenuAssert" time="15.883" classname="Sectionpage"/>
</testsuite> <!-- Sectionpage -->
