<?xml version="1.0" encoding="UTF-8"?>
<!-- Generated by org.testng.reporters.JUnitReportReporter -->
<testsuite hostname="ABPDigitalNoida-13724" name="MenuAssertion" tests="6" failures="0" timestamp="5 Mar 2018 07:29:43 GMT" time="236.288" errors="0">
  <testcase name="entertainment_submenucontents" time="34.960" classname="MenuAssertion"/>
  <testcase name="sports_submenucontents" time="57.504" classname="MenuAssertion"/>
  <testcase name="lifestyle_submenucontents" time="34.922" classname="MenuAssertion"/>
  <testcase name="tech_submenucontents" time="35.629" classname="MenuAssertion"/>
  <testcase name="spin_submenucontents" time="36.563" classname="MenuAssertion"/>
  <testcase name="video_submenucontents" time="36.710" classname="MenuAssertion"/>
</testsuite> <!-- MenuAssertion -->
