<?xml version="1.0" encoding="UTF-8"?>
<!-- Generated by org.testng.reporters.JUnitReportReporter -->
<testsuite hostname="ABPDigitalNoida-13724" name="Homepage" tests="17" failures="0" timestamp="5 Mar 2018 07:29:43 GMT" time="657.813" errors="0">
  <testcase name="homepage_tech_SubMenuStoryClick" time="43.874" classname="Homepage"/>
  <testcase name="homepage_video_SubSectionClick" time="33.517" classname="Homepage"/>
  <testcase name="homepage_BackToTop" time="2.756" classname="Homepage"/>
  <testcase name="homepage_spin_SubSectionClick" time="39.859" classname="Homepage"/>
  <testcase name="homepage_spin_SubMenuStoryClick" time="39.628" classname="Homepage"/>
  <testcase name="homepage_sport_SubSectionClick" time="51.945" classname="Homepage"/>
  <testcase name="homepage_tech_SubSectionClick" time="28.221" classname="Homepage"/>
  <testcase name="homepage_sport_SubMenuStoryClick" time="47.216" classname="Homepage"/>
  <testcase name="homepage_entertainment_SubSectionClick" time="15.514" classname="Homepage"/>
  <testcase name="homepage_entertainment_SubMenuStoryClick" time="54.400" classname="Homepage"/>
  <testcase name="homepage_lifestyle_SubSectionClick" time="23.292" classname="Homepage"/>
  <testcase name="homepage_CarousalClick" time="20.855" classname="Homepage"/>
  <testcase name="homepage_SocialShare" time="93.169" classname="Homepage"/>
  <testcase name="homepage_lifestyle_SubMenuStoryClick" time="63.664" classname="Homepage"/>
  <testcase name="homepage_video_SubMenuStoryClick" time="59.960" classname="Homepage"/>
  <testcase name="homepage_LoadMoreHome" time="26.789" classname="Homepage"/>
  <testcase name="homepage_entertainment_SubMenuAssert" time="13.154" classname="Homepage"/>
</testsuite> <!-- Homepage -->
