<?xml version="1.0" encoding="UTF-8"?>
<!-- Generated by org.testng.reporters.JUnitReportReporter -->
<testsuite hostname="UIS-PC" name="Specialpage" tests="6" failures="0" timestamp="22 Feb 2017 05:42:17 GMT" time="237.913" errors="0">
  <testcase name="entertainment_submenucontents" time="42.274" classname="Specialpage"/>
  <testcase name="spin_submenucontents" time="38.810" classname="Specialpage"/>
  <testcase name="video_submenucontents" time="40.617" classname="Specialpage"/>
  <testcase name="lifestyle_submenucontents" time="39.440" classname="Specialpage"/>
  <testcase name="sports_submenucontents" time="38.044" classname="Specialpage"/>
  <testcase name="tech_submenucontents" time="38.728" classname="Specialpage"/>
</testsuite> <!-- Specialpage -->
