<?xml version="1.0" encoding="UTF-8"?>
<!-- Generated by org.testng.reporters.JUnitReportReporter -->
<testsuite hostname="ABPDigitalNoida-13724" name="topic_page" tests="2" failures="0" timestamp="16 Nov 2017 13:05:32 GMT" time="60.356" errors="0">
  <testcase name="TopicpageTest1" time="26.923" classname="topic_page"/>
  <testcase name="TopicpageTest2" time="33.433" classname="topic_page"/>
</testsuite> <!-- topic_page -->
