<?xml version="1.0" encoding="UTF-8"?>
<!-- Generated by org.testng.reporters.JUnitReportReporter -->
<testsuite hostname="ABPDigitalNoida-13724" name="homepage.Brandlogo" tests="1" failures="0" timestamp="21 Dec 2018 12:58:55 GMT" time="60.651" errors="0">
  <testcase name="Logo_clickable" time="60.651" classname="homepage.Brandlogo"/>
</testsuite> <!-- homepage.Brandlogo -->
