<?xml version="1.0" encoding="UTF-8"?>
<!-- Generated by org.testng.reporters.JUnitReportReporter -->
<testsuite hostname="ABPDigitalNoida-13724" name="homepage.Nanabidh" tests="1" failures="0" timestamp="21 Dec 2018 12:58:55 GMT" time="87.356" errors="0">
  <testcase name="Nanabidh_click" time="87.356" classname="homepage.Nanabidh"/>
</testsuite> <!-- homepage.Nanabidh -->
