<?xml version="1.0" encoding="UTF-8"?>
<!-- Generated by org.testng.reporters.JUnitReportReporter -->
<testsuite hostname="ABPDigitalNoida-13724" name="sectionpage.NavBarCheck" tests="1" failures="0" timestamp="21 Dec 2018 12:58:55 GMT" time="52.875" errors="0">
  <testcase name="nav_clickable" time="52.875" classname="sectionpage.NavBarCheck"/>
</testsuite> <!-- sectionpage.NavBarCheck -->
