<?xml version="1.0" encoding="UTF-8"?>
<!-- Generated by org.testng.reporters.JUnitReportReporter -->
<testsuite hostname="ABPDigitalNoida-13724" name="homepage.CuratedStories" tests="1" failures="0" timestamp="19 Dec 2018 11:39:32 GMT" time="50.419" errors="0">
  <testcase name="Total_Stories" time="50.419" classname="homepage.CuratedStories"/>
</testsuite> <!-- homepage.CuratedStories -->
