<?xml version="1.0" encoding="UTF-8"?>
<!-- Generated by org.testng.reporters.JUnitReportReporter -->
<testsuite hostname="ABPDigitalNoida-13724" name="homepage.BackToTopScroll" tests="1" failures="0" timestamp="21 Dec 2018 12:58:55 GMT" time="58.963" errors="0">
  <testcase name="BackToTop" time="58.963" classname="homepage.BackToTopScroll"/>
</testsuite> <!-- homepage.BackToTopScroll -->
