<?xml version="1.0" encoding="UTF-8"?>
<!-- Generated by org.testng.reporters.JUnitReportReporter -->
<testsuite hostname="ABPDigitalNoida-13724" name="homepage.NavClick" tests="1" failures="0" timestamp="21 Dec 2018 12:58:55 GMT" time="59.506" errors="0">
  <testcase name="nav_clickable" time="59.506" classname="homepage.NavClick"/>
</testsuite> <!-- homepage.NavClick -->
