<?xml version="1.0" encoding="UTF-8"?>
<!-- Generated by org.testng.reporters.JUnitReportReporter -->
<testsuite hostname="ABPDigitalNoida-13724" name="sectionpage.LoadMore" tests="1" failures="0" timestamp="21 Dec 2018 12:58:55 GMT" time="39.179" errors="0">
  <testcase name="LoadMoreSectionPage" time="39.179" classname="sectionpage.LoadMore"/>
</testsuite> <!-- sectionpage.LoadMore -->
