<?xml version="1.0" encoding="UTF-8"?>
<!-- Generated by org.testng.reporters.JUnitReportReporter -->
<testsuite hostname="ABPDigitalNoida-13724" name="homepage.Poll" tests="1" failures="0" timestamp="21 Dec 2018 12:58:55 GMT" time="70.085" errors="0">
  <testcase name="opinion_poll" time="70.085" classname="homepage.Poll"/>
</testsuite> <!-- homepage.Poll -->
