<?xml version="1.0" encoding="UTF-8"?>
<!-- Generated by org.testng.reporters.JUnitReportReporter -->
<testsuite hostname="ABPDigitalNoida-13724" name="sectionpage.breadcrumb" tests="1" failures="0" timestamp="21 Dec 2018 12:58:55 GMT" time="75.149" errors="0">
  <testcase name="breadcrumb_clickable" time="75.149" classname="sectionpage.breadcrumb"/>
</testsuite> <!-- sectionpage.breadcrumb -->
