<?xml version="1.0" encoding="UTF-8"?>
<!-- Generated by org.testng.reporters.JUnitReportReporter -->
<testsuite hostname="ABPDigitalNoida-13724" name="sectionpage.BackToTop" tests="1" failures="0" timestamp="21 Dec 2018 12:58:55 GMT" time="53.386" errors="0">
  <testcase name="BackToTopTest" time="53.386" classname="sectionpage.BackToTop"/>
</testsuite> <!-- sectionpage.BackToTop -->
