<?xml version="1.0" encoding="UTF-8"?>
<!-- Generated by org.testng.reporters.JUnitReportReporter -->
<testsuite hostname="ABPDigitalNoida-13724" name="homepage.horoscope" tests="1" failures="0" timestamp="21 Dec 2018 12:58:55 GMT" time="47.279" errors="0">
  <testcase name="horoscope_homepage" time="47.279" classname="homepage.horoscope"/>
</testsuite> <!-- homepage.horoscope -->
