<?xml version="1.0" encoding="UTF-8"?>
<!-- Generated by org.testng.reporters.JUnitReportReporter -->
<testsuite hostname="ABPDigitalNoida-13724" name="homepage.FooterClick" tests="1" failures="0" timestamp="21 Dec 2018 12:58:55 GMT" time="43.547" errors="0">
  <testcase name="footer_clickable" time="43.547" classname="homepage.FooterClick"/>
</testsuite> <!-- homepage.FooterClick -->
