<?xml version="1.0" encoding="UTF-8"?>
<!-- Generated by org.testng.reporters.JUnitReportReporter -->
<testsuite hostname="ABPDigitalNoida-13724" name="homepage.social" tests="1" failures="0" timestamp="21 Dec 2018 12:58:55 GMT" time="51.045" errors="0">
  <testcase name="social_clickable" time="51.045" classname="homepage.social"/>
</testsuite> <!-- homepage.social -->
