<?xml version="1.0" encoding="UTF-8"?>
<!-- Generated by org.testng.reporters.JUnitReportReporter -->
<testsuite hostname="ABPDigitalNoida-13724" name="TestCase.abpclass" tests="1" failures="0" timestamp="9 Oct 2017 06:15:27 GMT" time="23.096" errors="0">
  <testcase name="openCMKolkata" time="23.096" classname="TestCase.abpclass"/>
</testsuite> <!-- TestCase.abpclass -->
