<?xml version="1.0" encoding="UTF-8"?>
<!-- Generated by org.testng.reporters.JUnitReportReporter -->
<testsuite hostname="ABPDigitalNoida-13724" name="homepage.editors_choice" tests="1" failures="0" timestamp="10 Jan 2018 06:00:08 GMT" time="89.024" errors="0">
  <testcase name="editors_choice" time="89.024" classname="homepage.editors_choice"/>
</testsuite> <!-- homepage.editors_choice -->
