<?xml version="1.0" encoding="UTF-8"?>
<!-- Generated by org.testng.reporters.JUnitReportReporter -->
<testsuite hostname="ABPDigitalNoida-13724" name="planner.Idea_creation" tests="1" failures="0" timestamp="21 Feb 2019 11:39:15 GMT" time="105.263" errors="0">
  <testcase name="idea_create" time="105.263" classname="planner.Idea_creation"/>
</testsuite> <!-- planner.Idea_creation -->
