<?xml version="1.0" encoding="UTF-8"?>
<!-- Generated by org.testng.reporters.JUnitReportReporter -->
<testsuite hostname="ABPDigitalNoida-13724" name="planner.storyOpen" tests="1" failures="0" timestamp="21 Feb 2019 11:39:15 GMT" time="111.614" errors="0">
  <testcase name="Openstory" time="111.614" classname="planner.storyOpen"/>
</testsuite> <!-- planner.storyOpen -->
