<?xml version="1.0" encoding="UTF-8"?>
<!-- Generated by org.testng.reporters.JUnitReportReporter -->
<testsuite hostname="ABPDigitalNoida-13724" name="planner.publish_story" tests="1" failures="0" timestamp="21 Feb 2019 11:39:15 GMT" time="109.822" errors="0">
  <testcase name="story_publish" time="109.822" classname="planner.publish_story"/>
</testsuite> <!-- planner.publish_story -->
