<?xml version="1.0" encoding="UTF-8"?>
<!-- Generated by org.testng.reporters.JUnitReportReporter -->
<testsuite hostname="ABPDigitalNoida-13724" name="story.blank_story" tests="1" failures="0" timestamp="21 Feb 2019 11:39:15 GMT" time="229.588" errors="0">
  <testcase name="story_create" time="229.588" classname="story.blank_story"/>
</testsuite> <!-- story.blank_story -->
