<?xml version="1.0" encoding="UTF-8"?>
<!-- Generated by org.testng.reporters.JUnitReportReporter -->
<testsuite hostname="ABPDigitalNoida-13724" name="workspace.Openstory_assertion" tests="1" failures="0" timestamp="21 Feb 2019 11:39:15 GMT" time="111.792" errors="0">
  <testcase name="openstory_assertion" time="111.792" classname="workspace.Openstory_assertion"/>
</testsuite> <!-- workspace.Openstory_assertion -->
