<?xml version="1.0" encoding="UTF-8"?>
<!-- Generated by org.testng.reporters.JUnitReportReporter -->
<testsuite hostname="ABPDigitalNoida-13724" name="base.login" tests="2" failures="0" timestamp="21 Feb 2019 11:39:15 GMT" time="106.389" errors="0">
  <testcase name="hamburger_click" time="62.659" classname="base.login"/>
  <testcase name="login_pagetest" time="43.730" classname="base.login"/>
</testsuite> <!-- base.login -->
