<?xml version="1.0" encoding="UTF-8"?>
<!-- Generated by org.testng.reporters.JUnitReportReporter -->
<testsuite hostname="ABPDigitalNoida-13724" name="planner.idea_rejection" tests="1" failures="0" timestamp="21 Feb 2019 11:39:15 GMT" time="173.786" errors="0">
  <testcase name="idea_reject" time="173.786" classname="planner.idea_rejection"/>
</testsuite> <!-- planner.idea_rejection -->
