<?xml version="1.0" encoding="UTF-8"?>
<!-- Generated by org.testng.reporters.JUnitReportReporter -->
<testsuite hostname="ABPDigitalNoida-13724" name="planner.submitStory" tests="1" failures="0" timestamp="21 Feb 2019 11:39:15 GMT" time="213.549" errors="0">
  <testcase name="submit_Story" time="213.549" classname="planner.submitStory"/>
</testsuite> <!-- planner.submitStory -->
