<?xml version="1.0" encoding="UTF-8"?>
<!-- Generated by org.testng.reporters.JUnitReportReporter -->
<testsuite hostname="ABPDigitalNoida-13724" name="workspace.submitted_story_delete" tests="1" failures="0" timestamp="23 Feb 2018 09:52:18 GMT" time="66.742" errors="0">
  <testcase name="submit_story_delete" time="66.742" classname="workspace.submitted_story_delete"/>
</testsuite> <!-- workspace.submitted_story_delete -->
