<?xml version="1.0" encoding="UTF-8"?>
<!-- Generated by org.testng.reporters.JUnitReportReporter -->
<testsuite hostname="UIS-PC" name="excel.Gtmetrixtest" tests="4" failures="0" timestamp="7 Feb 2017 09:24:52 GMT" time="3553.241" errors="0">
  <testcase name="Gtmetrixcall" time="1081.288" classname="excel.Gtmetrixtest"/>
  <testcase name="WebpageTestcall3" time="928.353" classname="excel.Gtmetrixtest"/>
  <testcase name="WebpageTestcall4" time="886.958" classname="excel.Gtmetrixtest"/>
  <testcase name="Gtmetrixcall2" time="656.642" classname="excel.Gtmetrixtest"/>
</testsuite> <!-- excel.Gtmetrixtest -->
