<?xml version="1.0" encoding="UTF-8"?>
<!-- Generated by org.testng.reporters.JUnitReportReporter -->
<testsuite hostname="UIS-PC" name="excel.Pingdomtest" tests="1" failures="0" timestamp="7 Feb 2017 10:28:34 GMT" time="224.198" errors="0">
  <testcase name="Pingdomcall4" time="224.198" classname="excel.Pingdomtest"/>
</testsuite> <!-- excel.Pingdomtest -->
