<?xml version="1.0" encoding="UTF-8"?>
<!-- Generated by org.testng.reporters.JUnitReportReporter -->
<testsuite hostname="UIS-PC" name="excel.Webpagetest" tests="4" failures="0" timestamp="7 Feb 2017 09:24:52 GMT" time="5400.319" errors="0">
  <testcase name="WebpageTestcall4" time="1889.505" classname="excel.Webpagetest"/>
  <testcase name="WebpageTestcall2" time="895.066" classname="excel.Webpagetest"/>
  <testcase name="WebpageTestcall3" time="1118.000" classname="excel.Webpagetest"/>
  <testcase name="WebpageTestcall" time="1497.748" classname="excel.Webpagetest"/>
</testsuite> <!-- excel.Webpagetest -->
