<?xml version="1.0" encoding="UTF-8"?>
<!-- Generated by org.testng.reporters.JUnitReportReporter -->
<testsuite hostname="ABPDigitalNoida-13724" name="test_sitemap.ebela_topic_sitemap" tests="1" failures="0" timestamp="27 Jul 2018 11:20:03 GMT" time="55.402" errors="0">
  <testcase name="ebelatopic_sitemap" time="55.402" classname="test_sitemap.ebela_topic_sitemap"/>
</testsuite> <!-- test_sitemap.ebela_topic_sitemap -->
