<?xml version="1.0" encoding="UTF-8"?>
<!-- Generated by org.testng.reporters.JUnitReportReporter -->
<testsuite hostname="ABPDigitalNoida-13724" name="test_sitemap.ebela_news_sitemap" tests="1" failures="0" timestamp="27 Jul 2018 11:20:03 GMT" time="27.242" errors="0">
  <testcase name="ebelanews_sitemap" time="27.242" classname="test_sitemap.ebela_news_sitemap"/>
</testsuite> <!-- test_sitemap.ebela_news_sitemap -->
