<?xml version="1.0" encoding="UTF-8"?>
<!-- Generated by org.testng.reporters.JUnitReportReporter -->
<testsuite hostname="ABPDigitalNoida-13724" name="test_sitemap.abp_news_sitemap" tests="1" failures="0" timestamp="27 Jul 2018 11:46:11 GMT" time="14.668" errors="0">
  <testcase name="ebela_news_sitemap" time="14.668" classname="test_sitemap.abp_news_sitemap"/>
</testsuite> <!-- test_sitemap.abp_news_sitemap -->
