<?xml version="1.0" encoding="UTF-8"?>
<!-- Generated by org.testng.reporters.JUnitReportReporter -->
<testsuite hostname="ABPDigitalNoida-13724" name="test_sitemap.ebela_topic_sitemap" tests="1" failures="0" timestamp="3 Jan 2019 05:41:22 GMT" time="40.920" errors="0">
  <testcase name="ebela_topic_sitemap" time="40.920" classname="test_sitemap.ebela_topic_sitemap"/>
</testsuite> <!-- test_sitemap.ebela_topic_sitemap -->
