<?xml version="1.0" encoding="UTF-8"?>
<!-- Generated by org.testng.reporters.JUnitReportReporter -->
<testsuite hostname="ABPDigitalNoida-13724" name="test_sitemap.ebela_news_sitemap" tests="1" failures="0" timestamp="8 Jan 2019 04:55:51 GMT" time="5.326" errors="0">
  <testcase name="ebela_news_sitemap" time="5.326" classname="test_sitemap.ebela_news_sitemap"/>
</testsuite> <!-- test_sitemap.ebela_news_sitemap -->
