<?xml version="1.0" encoding="UTF-8"?>
<!-- Generated by org.testng.reporters.JUnitReportReporter -->
<testsuite hostname="ABPDigitalNoida-13724" name="specialpage.SpecialTC_02" tests="1" failures="0" timestamp="31 Dec 2018 10:27:42 GMT" time="329.169" errors="0">
  <testcase name="mpw_click" time="329.169" classname="specialpage.SpecialTC_02"/>
</testsuite> <!-- specialpage.SpecialTC_02 -->
