<?xml version="1.0" encoding="UTF-8"?>
<!-- Generated by org.testng.reporters.JUnitReportReporter -->
<testsuite hostname="ABPDigitalNoida-13724" name="homepage.HomeTC_01" tests="1" failures="0" timestamp="31 Dec 2018 10:27:42 GMT" time="61.010" errors="0">
  <testcase name="homestory_click" time="61.010" classname="homepage.HomeTC_01"/>
</testsuite> <!-- homepage.HomeTC_01 -->
