<?xml version="1.0" encoding="UTF-8"?>
<!-- Generated by org.testng.reporters.JUnitReportReporter -->
<testsuite hostname="ABPDigitalNoida-13724" name="specialpage.SpecialTC_01" tests="1" failures="0" timestamp="31 Dec 2018 10:27:42 GMT" time="80.091" errors="0">
  <testcase name="special500_click" time="80.091" classname="specialpage.SpecialTC_01"/>
</testsuite> <!-- specialpage.SpecialTC_01 -->
