<?xml version="1.0" encoding="UTF-8"?>
<!-- Generated by org.testng.reporters.JUnitReportReporter -->
<testsuite hostname="UIS-PC" name="ebela.Testing" tests="1" failures="0" timestamp="31 May 2017 12:22:24 GMT" time="48.460" errors="0">
  <testcase name="sport_carousal_socialshare_fb" time="48.460" classname="ebela.Testing"/>
</testsuite> <!-- ebela.Testing -->
