<?xml version="1.0" encoding="UTF-8"?>
<!-- Generated by org.testng.reporters.JUnitReportReporter -->
<testsuite hostname="ABPDigitalNoida-13724" name="specialpage.SpecialTC_02" tests="1" failures="0" timestamp="30 Jul 2018 09:01:03 GMT" time="104.611" errors="0">
  <testcase name="mpw_click" time="104.611" classname="specialpage.SpecialTC_02"/>
</testsuite> <!-- specialpage.SpecialTC_02 -->
