<?xml version="1.0" encoding="UTF-8"?>
<!-- Generated by org.testng.reporters.JUnitReportReporter -->
<testsuite hostname="ABPDigitalNoida-13724" name="searchpage.search" tests="1" failures="0" timestamp="30 Jul 2018 09:01:03 GMT" time="76.779" errors="0">
  <testcase name="searchTest" time="76.779" classname="searchpage.search"/>
</testsuite> <!-- searchpage.search -->
