<?xml version="1.0" encoding="UTF-8"?>
<!-- Generated by org.testng.reporters.JUnitReportReporter -->
<testsuite hostname="ABPDigitalNoida-13724" name="sectionpage.SectionTC_01" tests="1" failures="0" timestamp="30 Jul 2018 09:01:03 GMT" time="76.500" errors="0">
  <testcase name="sectionstoryclick" time="76.500" classname="sectionpage.SectionTC_01"/>
</testsuite> <!-- sectionpage.SectionTC_01 -->
