<?xml version="1.0" encoding="UTF-8"?>
<!-- Generated by org.testng.reporters.JUnitReportReporter -->
<testsuite hostname="ABPDigitalNoida-13724" name="sectionpage.SectionTC_02" tests="1" failures="0" timestamp="30 Jul 2018 09:01:03 GMT" time="98.027" errors="0">
  <testcase name="sectionleadstoryclick" time="98.027" classname="sectionpage.SectionTC_02"/>
</testsuite> <!-- sectionpage.SectionTC_02 -->
